2024-06-19 18:28:24,015 - data_management - INFO - Spark connection is successful!
2024-06-19 18:28:24,015 - data_management - INFO - Starting data formatting process
2024-06-19 18:28:24,015 - data_management - INFO - Loading airquality data to PySpark...
2024-06-19 18:28:30,457 - data_management - INFO - Airquality data loaded!
2024-06-19 18:28:30,457 - data_management - INFO - Loading income data to PySpark...
2024-06-19 18:28:30,818 - data_management - INFO - Income data loaded!
2024-06-19 18:28:30,818 - data_management - INFO - Loading lookup tables data to PySpark...
2024-06-19 18:28:31,420 - data_management - INFO - Lookup tables data loaded!
2024-06-19 18:28:31,420 - data_management - INFO - Loading idealista data to PySpark...
2024-06-19 18:28:41,506 - data_management - INFO - Idealista data loaded!
2024-06-19 18:28:41,506 - data_management - INFO - Finished loading data to PySpark with success!
2024-06-19 18:28:41,506 - data_management - INFO - Starting reconciliate process...
2024-06-19 18:28:44,338 - data_management - INFO - Income after merge columns: ['district', 'neighborhood', 'RFD', 'pop', 'year']
2024-06-19 18:29:35,897 - data_management - INFO - Idealista after merge columns: ['floor', 'newDevelopmentFinished', 'externalReference', 'typology', 'priceByArea', 'operation', 'price', 'title', 'numPhotos', 'district', 'latitude', 'status', 'propertyCode', 'bathrooms', 'hasVideo', 'exterior', 'topNewDevelopment', 'size', 'address', 'isParkingSpaceIncludedInPrice', 'rooms', 'subTypology', 'hasLift', 'hasStaging', 'hasPlan', 'longitude', 'has3DTour', 'distance', 'showAddress', 'hasParkingSpace', 'parkingSpacePrice', 'newDevelopment', 'propertyType', 'subtitle', 'has360', 'neighborhood']
2024-06-19 18:29:37,808 - data_management - INFO - Airqual after merge columns: ['nom_cabina', 'Codi_Contaminant', 'ubicacio', 'Longitud', 'Estacio', 'district', 'Latitud', 'zqa', 'codi_eoi', 'Clas_1', 'Clas_2', 'codi_dtes', 'neighborhood']
2024-06-19 18:29:37,808 - data_management - INFO - Data reconciliated
2024-06-19 18:29:37,808 - data_management - INFO - Starting cleaning data...
2024-06-19 18:29:37,824 - data_management - INFO - Data cleaned!
2024-06-19 18:29:37,824 - data_management - INFO - Starting cleaning data...
2024-06-19 18:29:37,824 - data_management - INFO - Data cleaned!
2024-06-19 18:29:37,824 - data_management - INFO - Starting cleaning data...
2024-06-19 18:29:37,839 - data_management - INFO - Data cleaned!
2024-06-19 18:29:37,839 - data_management - INFO - Starting final join...
2024-06-19 18:29:37,943 - data_management - INFO - Data joined!
2024-06-19 18:29:37,943 - data_management - INFO - Columns of the final join are: ['district', 'neighborhood', 'RFD', 'pop', 'year', 'floor', 'newDevelopmentFinished', 'externalReference', 'typology', 'priceByArea', 'operation', 'price', 'title', 'numPhotos', 'latitude', 'status', 'propertyCode', 'bathrooms', 'hasVideo', 'exterior', 'topNewDevelopment', 'size', 'address', 'isParkingSpaceIncludedInPrice', 'rooms', 'subTypology', 'hasLift', 'hasStaging', 'hasPlan', 'longitude', 'has3DTour', 'distance', 'showAddress', 'hasParkingSpace', 'parkingSpacePrice', 'newDevelopment', 'propertyType', 'subtitle', 'has360', 'nom_cabina', 'Codi_Contaminant', 'ubicacio', 'Longitud', 'Estacio', 'Latitud', 'zqa', 'codi_eoi', 'Clas_1', 'Clas_2', 'codi_dtes']
2024-06-19 18:29:37,943 - data_management - INFO - Finished Formatting Data with success!
2024-06-19 18:29:38,428 - data_management - ERROR - Error occurred during data formatting: nameserver 8.8.4.4, is not a dns.nameserver.Nameserver instance or text form, IP address, nor a valid https URL
